q:\github\xvidcore\build\win32\x64\debug\bitstream.obj
q:\github\xvidcore\build\win32\x64\debug\cbp.obj
q:\github\xvidcore\build\win32\x64\debug\colorspace.obj
q:\github\xvidcore\build\win32\x64\debug\decoder.obj
q:\github\xvidcore\build\win32\x64\debug\emms.obj
q:\github\xvidcore\build\win32\x64\debug\encoder.obj
q:\github\xvidcore\build\win32\x64\debug\estimation_bvop.obj
q:\github\xvidcore\build\win32\x64\debug\estimation_common.obj
q:\github\xvidcore\build\win32\x64\debug\estimation_gmc.obj
q:\github\xvidcore\build\win32\x64\debug\estimation_pvop.obj
q:\github\xvidcore\build\win32\x64\debug\estimation_rd_based.obj
q:\github\xvidcore\build\win32\x64\debug\estimation_rd_based_bvop.obj
q:\github\xvidcore\build\win32\x64\debug\fdct.obj
q:\github\xvidcore\build\win32\x64\debug\font.obj
q:\github\xvidcore\build\win32\x64\debug\gmc.obj
q:\github\xvidcore\build\win32\x64\debug\idct.obj
q:\github\xvidcore\build\win32\x64\debug\image.obj
q:\github\xvidcore\build\win32\x64\debug\interpolate8x8.obj
q:\github\xvidcore\build\win32\x64\debug\mbcoding.obj
q:\github\xvidcore\build\win32\x64\debug\mbprediction.obj
q:\github\xvidcore\build\win32\x64\debug\mbtransquant.obj
q:\github\xvidcore\build\win32\x64\debug\mem_align.obj
q:\github\xvidcore\build\win32\x64\debug\mem_transfer.obj
q:\github\xvidcore\build\win32\x64\debug\motion_comp.obj
q:\github\xvidcore\build\win32\x64\debug\plugin_2pass1.obj
q:\github\xvidcore\build\win32\x64\debug\plugin_2pass2.obj
q:\github\xvidcore\build\win32\x64\debug\plugin_dump.obj
q:\github\xvidcore\build\win32\x64\debug\plugin_lumimasking.obj
q:\github\xvidcore\build\win32\x64\debug\plugin_psnr.obj
q:\github\xvidcore\build\win32\x64\debug\plugin_single.obj
q:\github\xvidcore\build\win32\x64\debug\plugin_ssim.obj
q:\github\xvidcore\build\win32\x64\debug\postprocessing.obj
q:\github\xvidcore\build\win32\x64\debug\qpel.obj
q:\github\xvidcore\build\win32\x64\debug\quant_h263.obj
q:\github\xvidcore\build\win32\x64\debug\quant_matrix.obj
q:\github\xvidcore\build\win32\x64\debug\quant_mpeg.obj
q:\github\xvidcore\build\win32\x64\debug\reduced.obj
q:\github\xvidcore\build\win32\x64\debug\sad.obj
q:\github\xvidcore\build\win32\x64\debug\simple_idct.obj
q:\github\xvidcore\build\win32\x64\debug\timer.obj
q:\github\xvidcore\build\win32\x64\debug\vop_type_decision.obj
q:\github\xvidcore\build\win32\x64\debug\xvid.obj
q:\github\xvidcore\build\win32\x64\debug\libxvidcore.pdb
q:\github\xvidcore\build\win32\x64\debug\xvid_decraw.tlog\cl.command.1.tlog
